2025-02-16 02:10:05 - INFO - 文章生成脚本启动
2025-02-16 02:10:05 - INFO - 进程ID: 5577
2025-02-16 02:10:05 - INFO - 工作目录: /Users/ruska/project/咖啡笔记/coffee-notes
2025-02-16 02:10:05 - INFO - 开始循环生成文章...

2025-02-16 02:10:05 - INFO - 开始时间: 2025-02-16 02:10:05.734490
2025-02-16 02:10:05 - INFO - 选择的作者: 设计师小美
2025-02-16 02:10:52 - INFO - 新文章已保存: **“咖啡时光：一杯唤醒灵魂的艺术”**
2025-02-16 02:10:52 - INFO - 结束时间: 2025-02-16 02:10:52.762821

2025-02-16 02:10:52 - INFO - 等待5分钟后继续...
2025-02-16 02:15:52 - INFO - 开始时间: 2025-02-16 02:15:52.768919
2025-02-16 02:15:52 - INFO - 选择的作者: 设计师小美
2025-02-16 02:16:42 - INFO - 新文章已保存: **“咖啡时光：一杯唤醒灵魂的艺术”**
2025-02-16 02:16:42 - INFO - 结束时间: 2025-02-16 02:16:42.654742

2025-02-16 02:16:42 - INFO - 等待5分钟后继续...
2025-02-16 02:21:42 - INFO - 开始时间: 2025-02-16 02:21:42.665889
2025-02-16 02:21:42 - INFO - 选择的作者: 咖啡馆主理人
2025-02-16 02:22:41 - INFO - 新文章已保存: 探索咖啡的奥秘：从豆子到杯中的艺术之旅
2025-02-16 02:22:41 - INFO - 结束时间: 2025-02-16 02:22:41.184986

2025-02-16 02:22:41 - INFO - 等待5分钟后继续...
2025-02-16 02:27:41 - INFO - 开始时间: 2025-02-16 02:27:41.196075
2025-02-16 02:27:41 - INFO - 选择的作者: 冷萃专家
2025-02-16 02:28:25 - INFO - 新文章已保存: **“冷萃咖啡：解锁夏日清凉的秘密”**
2025-02-16 02:28:25 - INFO - 结束时间: 2025-02-16 02:28:25.051940

2025-02-16 02:28:25 - INFO - 等待5分钟后继续...
2025-02-16 02:33:25 - INFO - 开始时间: 2025-02-16 02:33:25.063025
2025-02-16 02:33:25 - INFO - 选择的作者: 咖啡文化研究所
2025-02-16 02:34:17 - INFO - 新文章已保存: **“从豆到杯：探索咖啡的奇妙旅程”**
2025-02-16 02:34:17 - INFO - 结束时间: 2025-02-16 02:34:17.473391

2025-02-16 02:34:17 - INFO - 等待5分钟后继续...
2025-02-16 02:39:17 - INFO - 开始时间: 2025-02-16 02:39:17.484488
2025-02-16 02:39:17 - INFO - 选择的作者: 咖啡文化研究所
2025-02-16 02:40:11 - INFO - 新文章已保存: **“从豆到杯：探索咖啡的魔法旅程”**
2025-02-16 02:40:11 - INFO - 结束时间: 2025-02-16 02:40:11.937821

2025-02-16 02:40:11 - INFO - 等待5分钟后继续...
2025-02-16 02:45:11 - INFO - 开始时间: 2025-02-16 02:45:11.947275
2025-02-16 02:45:11 - INFO - 选择的作者: 烘焙师老张
2025-02-16 02:45:57 - INFO - 新文章已保存: **“咖啡与甜点的完美邂逅：烘焙师的秘密配方”**
2025-02-16 02:45:57 - INFO - 结束时间: 2025-02-16 02:45:57.396784

2025-02-16 02:45:57 - INFO - 等待5分钟后继续...
2025-02-16 02:50:57 - INFO - 开始时间: 2025-02-16 02:50:57.407926
2025-02-16 02:50:57 - INFO - 选择的作者: 拉花师阿杰
2025-02-16 02:51:44 - INFO - 新文章已保存: **“咖啡拉花艺术：一杯咖啡，一个故事”**
2025-02-16 02:51:44 - INFO - 结束时间: 2025-02-16 02:51:44.177505

2025-02-16 02:51:44 - INFO - 等待5分钟后继续...
2025-02-16 02:56:44 - INFO - 开始时间: 2025-02-16 02:56:44.179946
2025-02-16 02:56:44 - INFO - 选择的作者: 冷萃专家
2025-02-16 02:57:38 - INFO - 新文章已保存: 冷萃咖啡：时间与温度的艺术
2025-02-16 02:57:38 - INFO - 结束时间: 2025-02-16 02:57:38.390887

2025-02-16 02:57:38 - INFO - 等待5分钟后继续...
2025-02-16 03:02:38 - INFO - 开始时间: 2025-02-16 03:02:38.400065
2025-02-16 03:02:38 - INFO - 选择的作者: 陶艺师小林
2025-02-16 03:03:35 - INFO - 新文章已保存: 从泥土到咖啡杯：陶艺师的咖啡美学之旅
2025-02-16 03:03:35 - INFO - 结束时间: 2025-02-16 03:03:35.778345

2025-02-16 03:03:35 - INFO - 等待5分钟后继续...
2025-02-16 03:08:35 - INFO - 开始时间: 2025-02-16 03:08:35.782771
2025-02-16 03:08:35 - INFO - 选择的作者: 冷萃专家
2025-02-16 03:09:28 - INFO - 新文章已保存: **“冷萃时光：解锁咖啡的慢艺术”**
2025-02-16 03:09:28 - INFO - 结束时间: 2025-02-16 03:09:28.856271

2025-02-16 03:09:28 - INFO - 等待5分钟后继续...
2025-02-16 03:14:28 - INFO - 开始时间: 2025-02-16 03:14:28.858790
2025-02-16 03:14:28 - INFO - 选择的作者: 冷萃专家
2025-02-16 03:15:14 - INFO - 新文章已保存: 冷萃咖啡的“慢”哲学：时间沉淀的醇香艺术
2025-02-16 03:15:14 - INFO - 结束时间: 2025-02-16 03:15:14.773976

2025-02-16 03:15:14 - INFO - 等待5分钟后继续...
2025-02-16 03:20:14 - INFO - 开始时间: 2025-02-16 03:20:14.785070
2025-02-16 03:20:14 - INFO - 选择的作者: 好奇宝宝
2025-02-16 03:21:03 - INFO - 新文章已保存: **“咖啡的秘密：从豆子到杯子的奇妙旅程”**
2025-02-16 03:21:03 - INFO - 结束时间: 2025-02-16 03:21:03.045581

2025-02-16 03:21:03 - INFO - 等待5分钟后继续...
2025-02-16 03:26:03 - INFO - 开始时间: 2025-02-16 03:26:03.055831
2025-02-16 03:26:03 - INFO - 选择的作者: 烘焙师老张
2025-02-16 03:26:52 - INFO - 新文章已保存: 咖啡豆的“烘焙密码”：从生豆到香醇的魔法之旅
2025-02-16 03:26:52 - INFO - 结束时间: 2025-02-16 03:26:52.647741

2025-02-16 03:26:52 - INFO - 等待5分钟后继续...
2025-02-16 03:31:52 - INFO - 开始时间: 2025-02-16 03:31:52.656140
2025-02-16 03:31:52 - INFO - 选择的作者: 陶艺师小林
2025-02-16 03:32:42 - INFO - 新文章已保存: 陶艺与咖啡的完美邂逅：手作咖啡杯的艺术之旅
2025-02-16 03:32:42 - INFO - 结束时间: 2025-02-16 03:32:42.467207

2025-02-16 03:32:42 - INFO - 等待5分钟后继续...
2025-02-16 03:37:42 - INFO - 开始时间: 2025-02-16 03:37:42.468596
2025-02-16 03:37:42 - INFO - 选择的作者: 拿铁艺术家
2025-02-16 03:38:28 - INFO - 新文章已保存: **“咖啡拉花：一杯艺术，一场心灵的邂逅”**
2025-02-16 03:38:28 - INFO - 结束时间: 2025-02-16 03:38:28.679332

2025-02-16 03:38:28 - INFO - 等待5分钟后继续...
2025-02-16 03:43:28 - INFO - 开始时间: 2025-02-16 03:43:28.689946
2025-02-16 03:43:28 - INFO - 选择的作者: 陶艺师小林
2025-02-16 03:44:06 - INFO - 新文章已保存: 陶艺师小林手作咖啡杯，品味每一滴醇香的艺术
2025-02-16 03:44:06 - INFO - 结束时间: 2025-02-16 03:44:06.092916

2025-02-16 03:44:06 - INFO - 等待5分钟后继续...
2025-02-16 03:49:06 - INFO - 开始时间: 2025-02-16 03:49:06.098906
2025-02-16 03:49:06 - INFO - 选择的作者: 咖啡猎人
2025-02-16 03:49:46 - INFO - 新文章已保存: 探索全球顶级咖啡豆：从埃塞俄比亚到哥伦比亚的味觉之旅
2025-02-16 03:49:46 - INFO - 结束时间: 2025-02-16 03:49:46.070213

2025-02-16 03:49:46 - INFO - 等待5分钟后继续...
2025-02-16 03:54:46 - INFO - 开始时间: 2025-02-16 03:54:46.081310
2025-02-16 03:54:46 - INFO - 选择的作者: 拿铁艺术家
2025-02-16 03:55:22 - INFO - 新文章已保存: 拿铁艺术：从奶泡到拉花的完美蜕变之旅
2025-02-16 03:55:22 - INFO - 结束时间: 2025-02-16 03:55:22.940320

2025-02-16 03:55:22 - INFO - 等待5分钟后继续...
2025-02-16 04:00:22 - INFO - 开始时间: 2025-02-16 04:00:22.951407
2025-02-16 04:00:22 - INFO - 选择的作者: 拉花师阿杰
2025-02-16 04:01:08 - INFO - 新文章已保存: **“一杯咖啡，一个故事：拉花师阿杰的艺术世界”**
2025-02-16 04:01:08 - INFO - 结束时间: 2025-02-16 04:01:08.686654

2025-02-16 04:01:08 - INFO - 等待5分钟后继续...
2025-02-16 04:06:08 - INFO - 开始时间: 2025-02-16 04:06:08.697779
2025-02-16 04:06:08 - INFO - 选择的作者: 陶艺师小林
2025-02-16 04:06:54 - INFO - 新文章已保存: 陶艺师小林教你用咖啡杯“品”出艺术感
2025-02-16 04:06:54 - INFO - 结束时间: 2025-02-16 04:06:54.243597

2025-02-16 04:06:54 - INFO - 等待5分钟后继续...
2025-02-16 04:11:54 - INFO - 开始时间: 2025-02-16 04:11:54.246163
2025-02-16 04:11:54 - INFO - 选择的作者: 冷萃专家
2025-02-16 04:12:41 - INFO - 新文章已保存: **“冷萃时光：一杯咖啡，唤醒你的清晨”**
2025-02-16 04:12:41 - INFO - 结束时间: 2025-02-16 04:12:41.030148

2025-02-16 04:12:41 - INFO - 等待5分钟后继续...
2025-02-16 04:17:41 - INFO - 开始时间: 2025-02-16 04:17:41.041279
2025-02-16 04:17:41 - INFO - 选择的作者: 拉花师阿杰
2025-02-16 04:18:33 - INFO - 新文章已保存: **“咖啡拉花艺术：一杯咖啡，一个故事”**
2025-02-16 04:18:33 - INFO - 结束时间: 2025-02-16 04:18:33.806013

2025-02-16 04:18:33 - INFO - 等待5分钟后继续...
2025-02-16 04:23:33 - INFO - 开始时间: 2025-02-16 04:23:33.811166
2025-02-16 04:23:33 - INFO - 选择的作者: 豆叔评鉴
2025-02-16 04:24:26 - INFO - 新文章已保存: **“咖啡的魔法：从豆子到杯中的奇妙旅程”**
2025-02-16 04:24:26 - INFO - 结束时间: 2025-02-16 04:24:26.378752

2025-02-16 04:24:26 - INFO - 等待5分钟后继续...
2025-02-16 04:29:26 - INFO - 开始时间: 2025-02-16 04:29:26.389858
2025-02-16 04:29:26 - INFO - 选择的作者: 拿铁艺术家
2025-02-16 04:30:03 - INFO - 新文章已保存: 拿铁艺术：从奶泡到大师级的拉花技巧
2025-02-16 04:30:03 - INFO - 结束时间: 2025-02-16 04:30:03.371780

2025-02-16 04:30:03 - INFO - 等待5分钟后继续...
2025-02-16 04:35:03 - INFO - 开始时间: 2025-02-16 04:35:03.382885
2025-02-16 04:35:03 - INFO - 选择的作者: 风味实验室
2025-02-16 04:35:55 - INFO - 新文章已保存: 咖啡豆的“秘密档案”：从产地到杯中的风味密码
2025-02-16 04:35:55 - INFO - 结束时间: 2025-02-16 04:35:55.854458

2025-02-16 04:35:55 - INFO - 等待5分钟后继续...
2025-02-16 04:40:55 - INFO - 开始时间: 2025-02-16 04:40:55.865587
2025-02-16 04:40:55 - INFO - 选择的作者: 咖啡猎人
2025-02-16 04:41:41 - INFO - 新文章已保存: 探索全球精品咖啡豆：从埃塞俄比亚到哥伦比亚的味觉之旅
2025-02-16 04:41:41 - INFO - 结束时间: 2025-02-16 04:41:41.975978

2025-02-16 04:41:41 - INFO - 等待5分钟后继续...
2025-02-16 04:46:41 - INFO - 开始时间: 2025-02-16 04:46:41.987075
2025-02-16 04:46:41 - INFO - 选择的作者: 豆叔评鉴
2025-02-16 04:47:23 - INFO - 新文章已保存: 《咖啡的魔法：从豆子到杯中的奇妙旅程》
2025-02-16 04:47:23 - INFO - 结束时间: 2025-02-16 04:47:23.693639

2025-02-16 04:47:23 - INFO - 等待5分钟后继续...
2025-02-16 04:52:23 - INFO - 开始时间: 2025-02-16 04:52:23.701493
2025-02-16 04:52:23 - INFO - 选择的作者: 咖啡猎人
2025-02-16 04:53:18 - INFO - 新文章已保存: 咖啡豆的“秘密档案”：从产地到杯中的风味密码
2025-02-16 04:53:18 - INFO - 结束时间: 2025-02-16 04:53:18.004874

2025-02-16 04:53:18 - INFO - 等待5分钟后继续...
2025-02-16 04:58:18 - INFO - 开始时间: 2025-02-16 04:58:18.006378
2025-02-16 04:58:18 - INFO - 选择的作者: 咖啡文化研究所
2025-02-16 04:59:00 - INFO - 新文章已保存: 探索咖啡的奥秘：从豆子到杯中的科学与艺术
2025-02-16 04:59:00 - INFO - 结束时间: 2025-02-16 04:59:00.019966

2025-02-16 04:59:00 - INFO - 等待5分钟后继续...
2025-02-16 05:04:00 - INFO - 开始时间: 2025-02-16 05:04:00.031114
2025-02-16 05:04:00 - INFO - 选择的作者: 咖啡文化研究所
2025-02-16 05:04:49 - INFO - 新文章已保存: 探索全球咖啡文化：从豆子到杯中的艺术与科学
2025-02-16 05:04:49 - INFO - 结束时间: 2025-02-16 05:04:49.233605

2025-02-16 05:04:49 - INFO - 等待5分钟后继续...
2025-02-16 05:09:49 - INFO - 开始时间: 2025-02-16 05:09:49.244727
2025-02-16 05:09:49 - INFO - 选择的作者: 陶艺师小林
2025-02-16 05:10:35 - INFO - 新文章已保存: 陶艺师小林手作咖啡杯，品味咖啡的每一滴温度与质感
2025-02-16 05:10:35 - INFO - 结束时间: 2025-02-16 05:10:35.546557

2025-02-16 05:10:35 - INFO - 等待5分钟后继续...
2025-02-16 05:15:35 - INFO - 开始时间: 2025-02-16 05:15:35.549859
2025-02-16 05:15:35 - INFO - 选择的作者: 好奇宝宝
2025-02-16 05:16:22 - INFO - 新文章已保存: **“咖啡的秘密：从豆子到杯中的魔法之旅”**
2025-02-16 05:16:22 - INFO - 结束时间: 2025-02-16 05:16:22.452230

2025-02-16 05:16:22 - INFO - 等待5分钟后继续...
2025-02-16 05:21:22 - INFO - 开始时间: 2025-02-16 05:21:22.457393
2025-02-16 05:21:22 - INFO - 选择的作者: 咖啡馆主理人
2025-02-16 05:22:03 - INFO - 新文章已保存: **“咖啡与时光的邂逅：一杯唤醒灵魂的香气”**
2025-02-16 05:22:03 - INFO - 结束时间: 2025-02-16 05:22:03.692006

2025-02-16 05:22:03 - INFO - 等待5分钟后继续...
2025-02-16 05:27:03 - INFO - 开始时间: 2025-02-16 05:27:03.703105
2025-02-16 05:27:03 - INFO - 选择的作者: 设计师小美
2025-02-16 05:27:40 - INFO - 新文章已保存: 咖啡豆的“魔法”之旅：从种子到杯中的艺术
2025-02-16 05:27:40 - INFO - 结束时间: 2025-02-16 05:27:40.712310

2025-02-16 05:27:40 - INFO - 等待5分钟后继续...
2025-02-16 05:32:40 - INFO - 开始时间: 2025-02-16 05:32:40.723398
2025-02-16 05:32:40 - INFO - 选择的作者: 器具控丁丁
2025-02-16 05:33:22 - INFO - 新文章已保存: 探索咖啡的无限可能：从豆到杯的完美旅程
2025-02-16 05:33:22 - INFO - 结束时间: 2025-02-16 05:33:22.899903

2025-02-16 05:33:22 - INFO - 等待5分钟后继续...
2025-02-16 05:38:22 - INFO - 开始时间: 2025-02-16 05:38:22.902004
2025-02-16 05:38:22 - INFO - 选择的作者: 拉花师阿杰
2025-02-16 05:39:04 - INFO - 新文章已保存: **“咖啡拉花艺术：一杯咖啡，一个故事”**
2025-02-16 05:39:04 - INFO - 结束时间: 2025-02-16 05:39:04.166087

2025-02-16 05:39:04 - INFO - 等待5分钟后继续...
2025-02-16 05:44:04 - INFO - 开始时间: 2025-02-16 05:44:04.177272
2025-02-16 05:44:04 - INFO - 选择的作者: 拉花师阿杰
2025-02-16 05:44:37 - INFO - 新文章已保存: 拉花艺术：从基础到大师级的咖啡拉花技巧全解析
2025-02-16 05:44:37 - INFO - 结束时间: 2025-02-16 05:44:37.606132

2025-02-16 05:44:37 - INFO - 等待5分钟后继续...
